::1 - - [19/Jan/2019:15:50:54 +0700] "GET /test-controller HTTP/1.1" 301 340 "-" "Mozilla/5.0 (Windows NT 10.0; Win64; x64) AppleWebKit/537.36 (KHTML, like Gecko) Chrome/71.0.3578.98 Safari/537.36"
::1 - - [19/Jan/2019:15:50:54 +0700] "GET /test-controller/ HTTP/1.1" 200 4397 "-" "Mozilla/5.0 (Windows NT 10.0; Win64; x64) AppleWebKit/537.36 (KHTML, like Gecko) Chrome/71.0.3578.98 Safari/537.36"
::1 - - [19/Jan/2019:15:50:54 +0700] "GET /icons/back.gif HTTP/1.1" 200 216 "http://localhost/test-controller/" "Mozilla/5.0 (Windows NT 10.0; Win64; x64) AppleWebKit/537.36 (KHTML, like Gecko) Chrome/71.0.3578.98 Safari/537.36"
::1 - - [19/Jan/2019:15:50:54 +0700] "GET /icons/blank.gif HTTP/1.1" 200 148 "http://localhost/test-controller/" "Mozilla/5.0 (Windows NT 10.0; Win64; x64) AppleWebKit/537.36 (KHTML, like Gecko) Chrome/71.0.3578.98 Safari/537.36"
::1 - - [19/Jan/2019:15:50:54 +0700] "GET /icons/folder.gif HTTP/1.1" 200 225 "http://localhost/test-controller/" "Mozilla/5.0 (Windows NT 10.0; Win64; x64) AppleWebKit/537.36 (KHTML, like Gecko) Chrome/71.0.3578.98 Safari/537.36"
::1 - - [19/Jan/2019:15:50:54 +0700] "GET /icons/unknown.gif HTTP/1.1" 200 245 "http://localhost/test-controller/" "Mozilla/5.0 (Windows NT 10.0; Win64; x64) AppleWebKit/537.36 (KHTML, like Gecko) Chrome/71.0.3578.98 Safari/537.36"
::1 - - [19/Jan/2019:15:50:54 +0700] "GET /icons/text.gif HTTP/1.1" 200 229 "http://localhost/test-controller/" "Mozilla/5.0 (Windows NT 10.0; Win64; x64) AppleWebKit/537.36 (KHTML, like Gecko) Chrome/71.0.3578.98 Safari/537.36"
::1 - - [19/Jan/2019:15:51:14 +0700] "GET /test-controller/public/ HTTP/1.1" 200 2321 "http://localhost/test-controller/" "Mozilla/5.0 (Windows NT 10.0; Win64; x64) AppleWebKit/537.36 (KHTML, like Gecko) Chrome/71.0.3578.98 Safari/537.36"
::1 - - [19/Jan/2019:16:48:46 +0700] "GET /test-controller/sign-up HTTP/1.1" 404 1149 "-" "Mozilla/5.0 (Windows NT 10.0; Win64; x64) AppleWebKit/537.36 (KHTML, like Gecko) Chrome/71.0.3578.98 Safari/537.36"
::1 - - [19/Jan/2019:17:54:27 +0700] "GET /test-controller/public/sign-up HTTP/1.1" 200 554 "-" "Mozilla/5.0 (Windows NT 10.0; Win64; x64) AppleWebKit/537.36 (KHTML, like Gecko) Chrome/71.0.3578.98 Safari/537.36"
::1 - - [19/Jan/2019:18:11:16 +0700] "GET /test-controller/public/bootstrap.min.css.map HTTP/1.1" 404 1482 "-" "Mozilla/5.0 (Windows NT 10.0; Win64; x64) AppleWebKit/537.36 (KHTML, like Gecko) Chrome/71.0.3578.98 Safari/537.36"
::1 - - [19/Jan/2019:18:11:44 +0700] "GET /test-controller/public/sign-up HTTP/1.1" 200 558 "-" "Mozilla/5.0 (Windows NT 10.0; Win64; x64) AppleWebKit/537.36 (KHTML, like Gecko) Chrome/71.0.3578.98 Safari/537.36"
::1 - - [19/Jan/2019:18:11:45 +0700] "GET /favicon.ico HTTP/1.1" 200 30894 "http://localhost/test-controller/public/sign-up" "Mozilla/5.0 (Windows NT 10.0; Win64; x64) AppleWebKit/537.36 (KHTML, like Gecko) Chrome/71.0.3578.98 Safari/537.36"
::1 - - [19/Jan/2019:18:12:05 +0700] "GET /UsersController@story? HTTP/1.1" 404 1361 "http://localhost/test-controller/public/sign-up" "Mozilla/5.0 (Windows NT 10.0; Win64; x64) AppleWebKit/537.36 (KHTML, like Gecko) Chrome/71.0.3578.98 Safari/537.36"
::1 - - [19/Jan/2019:18:13:42 +0700] "GET /UsersController@story? HTTP/1.1" 404 1361 "http://localhost/test-controller/public/sign-up" "Mozilla/5.0 (Windows NT 10.0; Win64; x64) AppleWebKit/537.36 (KHTML, like Gecko) Chrome/71.0.3578.98 Safari/537.36"
::1 - - [19/Jan/2019:18:13:42 +0700] "GET /favicon.ico HTTP/1.1" 200 30894 "http://localhost/UsersController@story?" "Mozilla/5.0 (Windows NT 10.0; Win64; x64) AppleWebKit/537.36 (KHTML, like Gecko) Chrome/71.0.3578.98 Safari/537.36"
::1 - - [19/Jan/2019:18:13:55 +0700] "GET /UsersController@story? HTTP/1.1" 404 1361 "http://localhost/test-controller/public/sign-up" "Mozilla/5.0 (Windows NT 10.0; Win64; x64) AppleWebKit/537.36 (KHTML, like Gecko) Chrome/71.0.3578.98 Safari/537.36"
::1 - - [19/Jan/2019:18:49:38 +0700] "GET /test-controller/public/sign-up HTTP/1.1" 200 552 "-" "Mozilla/5.0 (Windows NT 10.0; Win64; x64) AppleWebKit/537.36 (KHTML, like Gecko) Chrome/71.0.3578.98 Safari/537.36"
::1 - - [19/Jan/2019:18:49:52 +0700] "GET /sign-up-success? HTTP/1.1" 404 1361 "http://localhost/test-controller/public/sign-up" "Mozilla/5.0 (Windows NT 10.0; Win64; x64) AppleWebKit/537.36 (KHTML, like Gecko) Chrome/71.0.3578.98 Safari/537.36"
::1 - - [19/Jan/2019:18:55:08 +0700] "GET /sign-up-success? HTTP/1.1" 404 1361 "http://localhost/test-controller/public/sign-up" "Mozilla/5.0 (Windows NT 10.0; Win64; x64) AppleWebKit/537.36 (KHTML, like Gecko) Chrome/71.0.3578.98 Safari/537.36"
::1 - - [19/Jan/2019:18:55:08 +0700] "GET /favicon.ico HTTP/1.1" 200 30894 "http://localhost/sign-up-success?" "Mozilla/5.0 (Windows NT 10.0; Win64; x64) AppleWebKit/537.36 (KHTML, like Gecko) Chrome/71.0.3578.98 Safari/537.36"
::1 - - [19/Jan/2019:18:56:00 +0700] "GET /sign-up-success? HTTP/1.1" 404 1361 "http://localhost/test-controller/public/sign-up" "Mozilla/5.0 (Windows NT 10.0; Win64; x64) AppleWebKit/537.36 (KHTML, like Gecko) Chrome/71.0.3578.98 Safari/537.36"
::1 - - [19/Jan/2019:18:58:34 +0700] "GET /sign-up-success? HTTP/1.1" 404 1361 "http://localhost/test-controller/public/sign-up" "Mozilla/5.0 (Windows NT 10.0; Win64; x64) AppleWebKit/537.36 (KHTML, like Gecko) Chrome/71.0.3578.98 Safari/537.36"
::1 - - [19/Jan/2019:19:00:47 +0700] "GET /sign-up-success? HTTP/1.1" 404 1361 "http://localhost/test-controller/public/sign-up" "Mozilla/5.0 (Windows NT 10.0; Win64; x64) AppleWebKit/537.36 (KHTML, like Gecko) Chrome/71.0.3578.98 Safari/537.36"
::1 - - [19/Jan/2019:19:00:48 +0700] "GET /favicon.ico HTTP/1.1" 200 30894 "http://localhost/sign-up-success?" "Mozilla/5.0 (Windows NT 10.0; Win64; x64) AppleWebKit/537.36 (KHTML, like Gecko) Chrome/71.0.3578.98 Safari/537.36"
::1 - - [19/Jan/2019:19:04:10 +0700] "GET /sign-up-success? HTTP/1.1" 404 1361 "http://localhost/test-controller/public/sign-up" "Mozilla/5.0 (Windows NT 10.0; Win64; x64) AppleWebKit/537.36 (KHTML, like Gecko) Chrome/71.0.3578.98 Safari/537.36"
::1 - - [19/Jan/2019:19:09:22 +0700] "GET /sign-up-success? HTTP/1.1" 404 1361 "http://localhost/test-controller/public/sign-up" "Mozilla/5.0 (Windows NT 10.0; Win64; x64) AppleWebKit/537.36 (KHTML, like Gecko) Chrome/71.0.3578.98 Safari/537.36"
::1 - - [19/Jan/2019:19:09:22 +0700] "GET /favicon.ico HTTP/1.1" 200 30894 "http://localhost/sign-up-success?" "Mozilla/5.0 (Windows NT 10.0; Win64; x64) AppleWebKit/537.36 (KHTML, like Gecko) Chrome/71.0.3578.98 Safari/537.36"
::1 - - [19/Jan/2019:19:09:40 +0700] "GET /test-controller/public/sign-up-success HTTP/1.1" 500 630792 "-" "Mozilla/5.0 (Windows NT 10.0; Win64; x64) AppleWebKit/537.36 (KHTML, like Gecko) Chrome/71.0.3578.98 Safari/537.36"
::1 - - [19/Jan/2019:19:11:10 +0700] "GET /test-controller/public/sign-up-success HTTP/1.1" 500 631028 "-" "Mozilla/5.0 (Windows NT 10.0; Win64; x64) AppleWebKit/537.36 (KHTML, like Gecko) Chrome/71.0.3578.98 Safari/537.36"
::1 - - [19/Jan/2019:19:15:26 +0700] "GET /test-controller/public/sign-up-success HTTP/1.1" 500 631040 "-" "Mozilla/5.0 (Windows NT 10.0; Win64; x64) AppleWebKit/537.36 (KHTML, like Gecko) Chrome/71.0.3578.98 Safari/537.36"
::1 - - [19/Jan/2019:19:15:27 +0700] "GET /favicon.ico HTTP/1.1" 200 30894 "http://localhost/test-controller/public/sign-up-success" "Mozilla/5.0 (Windows NT 10.0; Win64; x64) AppleWebKit/537.36 (KHTML, like Gecko) Chrome/71.0.3578.98 Safari/537.36"
::1 - - [19/Jan/2019:19:17:10 +0700] "GET /sign-up-success? HTTP/1.1" 404 1361 "http://localhost/test-controller/public/sign-up" "Mozilla/5.0 (Windows NT 10.0; Win64; x64) AppleWebKit/537.36 (KHTML, like Gecko) Chrome/71.0.3578.98 Safari/537.36"
::1 - - [19/Jan/2019:19:17:21 +0700] "GET /test-controller/public/sign-up-success HTTP/1.1" 500 630763 "-" "Mozilla/5.0 (Windows NT 10.0; Win64; x64) AppleWebKit/537.36 (KHTML, like Gecko) Chrome/71.0.3578.98 Safari/537.36"
::1 - - [19/Jan/2019:19:21:19 +0700] "GET /test-controller/public/sign-up-success HTTP/1.1" 200 300 "-" "Mozilla/5.0 (Windows NT 10.0; Win64; x64) AppleWebKit/537.36 (KHTML, like Gecko) Chrome/71.0.3578.98 Safari/537.36"
::1 - - [19/Jan/2019:19:21:19 +0700] "GET /favicon.ico HTTP/1.1" 200 30894 "http://localhost/test-controller/public/sign-up-success" "Mozilla/5.0 (Windows NT 10.0; Win64; x64) AppleWebKit/537.36 (KHTML, like Gecko) Chrome/71.0.3578.98 Safari/537.36"
::1 - - [19/Jan/2019:19:21:35 +0700] "GET /sign-up-success? HTTP/1.1" 404 1361 "http://localhost/test-controller/public/sign-up" "Mozilla/5.0 (Windows NT 10.0; Win64; x64) AppleWebKit/537.36 (KHTML, like Gecko) Chrome/71.0.3578.98 Safari/537.36"
::1 - - [19/Jan/2019:19:22:02 +0700] "GET /sign-up-success? HTTP/1.1" 404 1361 "http://localhost/test-controller/public/sign-up" "Mozilla/5.0 (Windows NT 10.0; Win64; x64) AppleWebKit/537.36 (KHTML, like Gecko) Chrome/71.0.3578.98 Safari/537.36"
::1 - - [19/Jan/2019:19:22:02 +0700] "GET /favicon.ico HTTP/1.1" 200 30894 "http://localhost/sign-up-success?" "Mozilla/5.0 (Windows NT 10.0; Win64; x64) AppleWebKit/537.36 (KHTML, like Gecko) Chrome/71.0.3578.98 Safari/537.36"
::1 - - [19/Jan/2019:19:22:53 +0700] "GET /test-controller/public/sign-up HTTP/1.1" 200 734 "-" "Mozilla/5.0 (Windows NT 10.0; Win64; x64) AppleWebKit/537.36 (KHTML, like Gecko) Chrome/71.0.3578.98 Safari/537.36"
::1 - - [19/Jan/2019:19:22:54 +0700] "GET /favicon.ico HTTP/1.1" 200 30894 "http://localhost/test-controller/public/sign-up" "Mozilla/5.0 (Windows NT 10.0; Win64; x64) AppleWebKit/537.36 (KHTML, like Gecko) Chrome/71.0.3578.98 Safari/537.36"
::1 - - [19/Jan/2019:19:23:08 +0700] "GET /test-controller/public/sign-up-success?_token=vRIdxKB09W46fEeNW2WTejgfLFcyJC1D9nnRAgeu&email=asdasd%40gmail.com HTTP/1.1" 200 300 "http://localhost/test-controller/public/sign-up" "Mozilla/5.0 (Windows NT 10.0; Win64; x64) AppleWebKit/537.36 (KHTML, like Gecko) Chrome/71.0.3578.98 Safari/537.36"
::1 - - [19/Jan/2019:19:25:22 +0700] "GET /test-controller/public/sign-up HTTP/1.1" 200 747 "-" "Mozilla/5.0 (Windows NT 10.0; Win64; x64) AppleWebKit/537.36 (KHTML, like Gecko) Chrome/71.0.3578.98 Safari/537.36"
::1 - - [19/Jan/2019:19:25:22 +0700] "GET /favicon.ico HTTP/1.1" 200 30894 "http://localhost/test-controller/public/sign-up" "Mozilla/5.0 (Windows NT 10.0; Win64; x64) AppleWebKit/537.36 (KHTML, like Gecko) Chrome/71.0.3578.98 Safari/537.36"
::1 - - [19/Jan/2019:19:25:41 +0700] "GET /test-controller/public/sign-up-success?_token=vRIdxKB09W46fEeNW2WTejgfLFcyJC1D9nnRAgeu&email=nhutbui2903%40gmail.com HTTP/1.1" 200 85 "http://localhost/test-controller/public/sign-up" "Mozilla/5.0 (Windows NT 10.0; Win64; x64) AppleWebKit/537.36 (KHTML, like Gecko) Chrome/71.0.3578.98 Safari/537.36"
::1 - - [19/Jan/2019:19:26:15 +0700] "GET /test-controller/public/sign-up HTTP/1.1" 200 763 "-" "Mozilla/5.0 (Windows NT 10.0; Win64; x64) AppleWebKit/537.36 (KHTML, like Gecko) Chrome/71.0.3578.98 Safari/537.36"
::1 - - [19/Jan/2019:19:26:15 +0700] "GET /favicon.ico HTTP/1.1" 200 30894 "http://localhost/test-controller/public/sign-up" "Mozilla/5.0 (Windows NT 10.0; Win64; x64) AppleWebKit/537.36 (KHTML, like Gecko) Chrome/71.0.3578.98 Safari/537.36"
::1 - - [19/Jan/2019:19:26:24 +0700] "GET /test-controller/public/sign-up-success?_token=vRIdxKB09W46fEeNW2WTejgfLFcyJC1D9nnRAgeu&email=nhutbui2903%40gmail.com&password=123qwe HTTP/1.1" 200 105 "http://localhost/test-controller/public/sign-up" "Mozilla/5.0 (Windows NT 10.0; Win64; x64) AppleWebKit/537.36 (KHTML, like Gecko) Chrome/71.0.3578.98 Safari/537.36"
::1 - - [19/Jan/2019:19:26:45 +0700] "GET /test-controller/public/sign-up-success?_token=vRIdxKB09W46fEeNW2WTejgfLFcyJC1D9nnRAgeu&email=nhutbui2903%40gmail.com&password=123qwe HTTP/1.1" 405 369326 "http://localhost/test-controller/public/sign-up" "Mozilla/5.0 (Windows NT 10.0; Win64; x64) AppleWebKit/537.36 (KHTML, like Gecko) Chrome/71.0.3578.98 Safari/537.36"
::1 - - [19/Jan/2019:19:26:45 +0700] "GET /favicon.ico HTTP/1.1" 200 30894 "http://localhost/test-controller/public/sign-up-success?_token=vRIdxKB09W46fEeNW2WTejgfLFcyJC1D9nnRAgeu&email=nhutbui2903%40gmail.com&password=123qwe" "Mozilla/5.0 (Windows NT 10.0; Win64; x64) AppleWebKit/537.36 (KHTML, like Gecko) Chrome/71.0.3578.98 Safari/537.36"
::1 - - [19/Jan/2019:19:27:01 +0700] "GET /test-controller/public/sign-up-success?_token=vRIdxKB09W46fEeNW2WTejgfLFcyJC1D9nnRAgeu&email=nhutbui2903%40gmail.com&password=jklfds HTTP/1.1" 405 369011 "http://localhost/test-controller/public/sign-up" "Mozilla/5.0 (Windows NT 10.0; Win64; x64) AppleWebKit/537.36 (KHTML, like Gecko) Chrome/71.0.3578.98 Safari/537.36"
::1 - - [19/Jan/2019:19:27:31 +0700] "GET /test-controller/public/sign-up-success?_token=vRIdxKB09W46fEeNW2WTejgfLFcyJC1D9nnRAgeu&email=nhutbui2903%40gmail.com&password=jklfds HTTP/1.1" 405 369280 "http://localhost/test-controller/public/sign-up" "Mozilla/5.0 (Windows NT 10.0; Win64; x64) AppleWebKit/537.36 (KHTML, like Gecko) Chrome/71.0.3578.98 Safari/537.36"
::1 - - [19/Jan/2019:19:27:32 +0700] "GET /favicon.ico HTTP/1.1" 200 30894 "http://localhost/test-controller/public/sign-up-success?_token=vRIdxKB09W46fEeNW2WTejgfLFcyJC1D9nnRAgeu&email=nhutbui2903%40gmail.com&password=jklfds" "Mozilla/5.0 (Windows NT 10.0; Win64; x64) AppleWebKit/537.36 (KHTML, like Gecko) Chrome/71.0.3578.98 Safari/537.36"
::1 - - [19/Jan/2019:19:27:35 +0700] "GET /test-controller/public/sign-up HTTP/1.1" 200 764 "-" "Mozilla/5.0 (Windows NT 10.0; Win64; x64) AppleWebKit/537.36 (KHTML, like Gecko) Chrome/71.0.3578.98 Safari/537.36"
::1 - - [19/Jan/2019:19:27:35 +0700] "GET /favicon.ico HTTP/1.1" 200 30894 "http://localhost/test-controller/public/sign-up" "Mozilla/5.0 (Windows NT 10.0; Win64; x64) AppleWebKit/537.36 (KHTML, like Gecko) Chrome/71.0.3578.98 Safari/537.36"
::1 - - [19/Jan/2019:19:27:42 +0700] "POST /test-controller/public/sign-up-success HTTP/1.1" 200 105 "http://localhost/test-controller/public/sign-up" "Mozilla/5.0 (Windows NT 10.0; Win64; x64) AppleWebKit/537.36 (KHTML, like Gecko) Chrome/71.0.3578.98 Safari/537.36"
::1 - - [19/Jan/2019:19:28:27 +0700] "POST /test-controller/public/sign-up-success HTTP/1.1" 200 6 "http://localhost/test-controller/public/sign-up" "Mozilla/5.0 (Windows NT 10.0; Win64; x64) AppleWebKit/537.36 (KHTML, like Gecko) Chrome/71.0.3578.98 Safari/537.36"
::1 - - [19/Jan/2019:19:28:27 +0700] "GET /favicon.ico HTTP/1.1" 200 30894 "http://localhost/test-controller/public/sign-up-success" "Mozilla/5.0 (Windows NT 10.0; Win64; x64) AppleWebKit/537.36 (KHTML, like Gecko) Chrome/71.0.3578.98 Safari/537.36"
::1 - - [19/Jan/2019:19:29:48 +0700] "GET /test-controller/public/sign-up HTTP/1.1" 200 764 "-" "Mozilla/5.0 (Windows NT 10.0; Win64; x64) AppleWebKit/537.36 (KHTML, like Gecko) Chrome/71.0.3578.98 Safari/537.36"
::1 - - [19/Jan/2019:19:29:48 +0700] "GET /favicon.ico HTTP/1.1" 200 30894 "http://localhost/test-controller/public/sign-up" "Mozilla/5.0 (Windows NT 10.0; Win64; x64) AppleWebKit/537.36 (KHTML, like Gecko) Chrome/71.0.3578.98 Safari/537.36"
::1 - - [19/Jan/2019:19:29:56 +0700] "POST /test-controller/public/sign-up-success HTTP/1.1" 200 300 "http://localhost/test-controller/public/sign-up" "Mozilla/5.0 (Windows NT 10.0; Win64; x64) AppleWebKit/537.36 (KHTML, like Gecko) Chrome/71.0.3578.98 Safari/537.36"
::1 - - [19/Jan/2019:19:31:20 +0700] "POST /test-controller/public/sign-up-success HTTP/1.1" 200 300 "http://localhost/test-controller/public/sign-up" "Mozilla/5.0 (Windows NT 10.0; Win64; x64) AppleWebKit/537.36 (KHTML, like Gecko) Chrome/71.0.3578.98 Safari/537.36"
::1 - - [19/Jan/2019:19:31:20 +0700] "GET /favicon.ico HTTP/1.1" 200 30894 "http://localhost/test-controller/public/sign-up-success" "Mozilla/5.0 (Windows NT 10.0; Win64; x64) AppleWebKit/537.36 (KHTML, like Gecko) Chrome/71.0.3578.98 Safari/537.36"
::1 - - [19/Jan/2019:19:31:24 +0700] "GET /test-controller/public/sign-up HTTP/1.1" 500 637103 "-" "Mozilla/5.0 (Windows NT 10.0; Win64; x64) AppleWebKit/537.36 (KHTML, like Gecko) Chrome/71.0.3578.98 Safari/537.36"
::1 - - [19/Jan/2019:19:31:25 +0700] "GET /favicon.ico HTTP/1.1" 200 30894 "http://localhost/test-controller/public/sign-up" "Mozilla/5.0 (Windows NT 10.0; Win64; x64) AppleWebKit/537.36 (KHTML, like Gecko) Chrome/71.0.3578.98 Safari/537.36"
::1 - - [19/Jan/2019:19:36:04 +0700] "GET /test-controller/public/sign-up HTTP/1.1" 200 764 "-" "Mozilla/5.0 (Windows NT 10.0; Win64; x64) AppleWebKit/537.36 (KHTML, like Gecko) Chrome/71.0.3578.98 Safari/537.36"
::1 - - [19/Jan/2019:19:36:04 +0700] "GET /favicon.ico HTTP/1.1" 200 30894 "http://localhost/test-controller/public/sign-up" "Mozilla/5.0 (Windows NT 10.0; Win64; x64) AppleWebKit/537.36 (KHTML, like Gecko) Chrome/71.0.3578.98 Safari/537.36"
::1 - - [19/Jan/2019:19:42:37 +0700] "POST /test-controller/public/sign-up-success HTTP/1.1" 200 300 "http://localhost/test-controller/public/sign-up" "Mozilla/5.0 (Windows NT 10.0; Win64; x64) AppleWebKit/537.36 (KHTML, like Gecko) Chrome/71.0.3578.98 Safari/537.36"
::1 - - [19/Jan/2019:20:02:41 +0700] "POST /test-controller/public/sign-up-success HTTP/1.1" 200 300 "http://localhost/test-controller/public/sign-up" "Mozilla/5.0 (Windows NT 10.0; Win64; x64) AppleWebKit/537.36 (KHTML, like Gecko) Chrome/71.0.3578.98 Safari/537.36"
::1 - - [19/Jan/2019:20:02:57 +0700] "POST /test-controller/public/sign-up-success HTTP/1.1" 200 300 "http://localhost/test-controller/public/sign-up" "Mozilla/5.0 (Windows NT 10.0; Win64; x64) AppleWebKit/537.36 (KHTML, like Gecko) Chrome/71.0.3578.98 Safari/537.36"
::1 - - [19/Jan/2019:20:04:35 +0700] "POST /test-controller/public/sign-up-success HTTP/1.1" 200 300 "http://localhost/test-controller/public/sign-up" "Mozilla/5.0 (Windows NT 10.0; Win64; x64) AppleWebKit/537.36 (KHTML, like Gecko) Chrome/71.0.3578.98 Safari/537.36"
::1 - - [22/Jan/2019:19:26:44 +0700] "GET /crud-full HTTP/1.1" 301 334 "-" "Mozilla/5.0 (Windows NT 10.0; Win64; x64) AppleWebKit/537.36 (KHTML, like Gecko) Chrome/71.0.3578.98 Safari/537.36"
::1 - - [22/Jan/2019:19:26:44 +0700] "GET /crud-full/ HTTP/1.1" 200 4385 "-" "Mozilla/5.0 (Windows NT 10.0; Win64; x64) AppleWebKit/537.36 (KHTML, like Gecko) Chrome/71.0.3578.98 Safari/537.36"
::1 - - [22/Jan/2019:19:26:44 +0700] "GET /icons/blank.gif HTTP/1.1" 200 148 "http://localhost/crud-full/" "Mozilla/5.0 (Windows NT 10.0; Win64; x64) AppleWebKit/537.36 (KHTML, like Gecko) Chrome/71.0.3578.98 Safari/537.36"
::1 - - [22/Jan/2019:19:26:44 +0700] "GET /icons/back.gif HTTP/1.1" 200 216 "http://localhost/crud-full/" "Mozilla/5.0 (Windows NT 10.0; Win64; x64) AppleWebKit/537.36 (KHTML, like Gecko) Chrome/71.0.3578.98 Safari/537.36"
::1 - - [22/Jan/2019:19:26:44 +0700] "GET /icons/folder.gif HTTP/1.1" 200 225 "http://localhost/crud-full/" "Mozilla/5.0 (Windows NT 10.0; Win64; x64) AppleWebKit/537.36 (KHTML, like Gecko) Chrome/71.0.3578.98 Safari/537.36"
::1 - - [22/Jan/2019:19:26:44 +0700] "GET /icons/unknown.gif HTTP/1.1" 200 245 "http://localhost/crud-full/" "Mozilla/5.0 (Windows NT 10.0; Win64; x64) AppleWebKit/537.36 (KHTML, like Gecko) Chrome/71.0.3578.98 Safari/537.36"
::1 - - [22/Jan/2019:19:26:44 +0700] "GET /icons/text.gif HTTP/1.1" 200 229 "http://localhost/crud-full/" "Mozilla/5.0 (Windows NT 10.0; Win64; x64) AppleWebKit/537.36 (KHTML, like Gecko) Chrome/71.0.3578.98 Safari/537.36"
::1 - - [22/Jan/2019:19:26:58 +0700] "GET /crud-full/create HTTP/1.1" 404 1149 "-" "Mozilla/5.0 (Windows NT 10.0; Win64; x64) AppleWebKit/537.36 (KHTML, like Gecko) Chrome/71.0.3578.98 Safari/537.36"
::1 - - [22/Jan/2019:19:27:10 +0700] "GET /crud-full/public/create HTTP/1.1" 200 - "-" "Mozilla/5.0 (Windows NT 10.0; Win64; x64) AppleWebKit/537.36 (KHTML, like Gecko) Chrome/71.0.3578.98 Safari/537.36"
::1 - - [22/Jan/2019:19:27:38 +0700] "GET /crud-full/public/create HTTP/1.1" 405 363013 "-" "Mozilla/5.0 (Windows NT 10.0; Win64; x64) AppleWebKit/537.36 (KHTML, like Gecko) Chrome/71.0.3578.98 Safari/537.36"
::1 - - [22/Jan/2019:19:27:39 +0700] "GET /favicon.ico HTTP/1.1" 200 30894 "http://localhost/crud-full/public/create" "Mozilla/5.0 (Windows NT 10.0; Win64; x64) AppleWebKit/537.36 (KHTML, like Gecko) Chrome/71.0.3578.98 Safari/537.36"
::1 - - [22/Jan/2019:19:29:46 +0700] "GET /crud-full/public/create HTTP/1.1" 405 363011 "-" "Mozilla/5.0 (Windows NT 10.0; Win64; x64) AppleWebKit/537.36 (KHTML, like Gecko) Chrome/71.0.3578.98 Safari/537.36"
::1 - - [22/Jan/2019:19:29:47 +0700] "GET /favicon.ico HTTP/1.1" 200 30894 "http://localhost/crud-full/public/create" "Mozilla/5.0 (Windows NT 10.0; Win64; x64) AppleWebKit/537.36 (KHTML, like Gecko) Chrome/71.0.3578.98 Safari/537.36"
::1 - - [22/Jan/2019:19:33:33 +0700] "GET /crud-full/public/create HTTP/1.1" 405 363025 "-" "Mozilla/5.0 (Windows NT 10.0; Win64; x64) AppleWebKit/537.36 (KHTML, like Gecko) Chrome/71.0.3578.98 Safari/537.36"
::1 - - [22/Jan/2019:19:33:34 +0700] "GET /favicon.ico HTTP/1.1" 200 30894 "http://localhost/crud-full/public/create" "Mozilla/5.0 (Windows NT 10.0; Win64; x64) AppleWebKit/537.36 (KHTML, like Gecko) Chrome/71.0.3578.98 Safari/537.36"
::1 - - [22/Jan/2019:19:33:37 +0700] "GET /crud-full/create HTTP/1.1" 404 1149 "-" "Mozilla/5.0 (Windows NT 10.0; Win64; x64) AppleWebKit/537.36 (KHTML, like Gecko) Chrome/71.0.3578.98 Safari/537.36"
::1 - - [22/Jan/2019:19:33:37 +0700] "GET /favicon.ico HTTP/1.1" 200 30894 "http://localhost/crud-full/create" "Mozilla/5.0 (Windows NT 10.0; Win64; x64) AppleWebKit/537.36 (KHTML, like Gecko) Chrome/71.0.3578.98 Safari/537.36"
::1 - - [22/Jan/2019:19:33:38 +0700] "GET /crud-full/create HTTP/1.1" 404 1149 "-" "Mozilla/5.0 (Windows NT 10.0; Win64; x64) AppleWebKit/537.36 (KHTML, like Gecko) Chrome/71.0.3578.98 Safari/537.36"
::1 - - [22/Jan/2019:19:33:38 +0700] "GET /favicon.ico HTTP/1.1" 200 30894 "http://localhost/crud-full/create" "Mozilla/5.0 (Windows NT 10.0; Win64; x64) AppleWebKit/537.36 (KHTML, like Gecko) Chrome/71.0.3578.98 Safari/537.36"
::1 - - [22/Jan/2019:19:33:48 +0700] "GET /crud-full/public/create HTTP/1.1" 405 362734 "-" "Mozilla/5.0 (Windows NT 10.0; Win64; x64) AppleWebKit/537.36 (KHTML, like Gecko) Chrome/71.0.3578.98 Safari/537.36"
::1 - - [22/Jan/2019:19:34:55 +0700] "GET /crud-full/public/create HTTP/1.1" 405 363059 "-" "Mozilla/5.0 (Windows NT 10.0; Win64; x64) AppleWebKit/537.36 (KHTML, like Gecko) Chrome/71.0.3578.98 Safari/537.36"
::1 - - [22/Jan/2019:19:34:56 +0700] "GET /favicon.ico HTTP/1.1" 200 30894 "http://localhost/crud-full/public/create" "Mozilla/5.0 (Windows NT 10.0; Win64; x64) AppleWebKit/537.36 (KHTML, like Gecko) Chrome/71.0.3578.98 Safari/537.36"
::1 - - [22/Jan/2019:19:35:32 +0700] "GET /crud-full/public/create HTTP/1.1" 405 362746 "-" "Mozilla/5.0 (Windows NT 10.0; Win64; x64) AppleWebKit/537.36 (KHTML, like Gecko) Chrome/71.0.3578.98 Safari/537.36"
::1 - - [22/Jan/2019:19:36:01 +0700] "GET /crud-full/create HTTP/1.1" 404 1149 "-" "Mozilla/5.0 (Windows NT 10.0; Win64; x64) AppleWebKit/537.36 (KHTML, like Gecko) Chrome/71.0.3578.98 Safari/537.36"
::1 - - [22/Jan/2019:19:36:01 +0700] "GET /favicon.ico HTTP/1.1" 200 30894 "http://localhost/crud-full/create" "Mozilla/5.0 (Windows NT 10.0; Win64; x64) AppleWebKit/537.36 (KHTML, like Gecko) Chrome/71.0.3578.98 Safari/537.36"
::1 - - [22/Jan/2019:19:36:02 +0700] "GET /crud-full/create HTTP/1.1" 404 1149 "-" "Mozilla/5.0 (Windows NT 10.0; Win64; x64) AppleWebKit/537.36 (KHTML, like Gecko) Chrome/71.0.3578.98 Safari/537.36"
::1 - - [22/Jan/2019:19:36:02 +0700] "GET /favicon.ico HTTP/1.1" 200 30894 "http://localhost/crud-full/create" "Mozilla/5.0 (Windows NT 10.0; Win64; x64) AppleWebKit/537.36 (KHTML, like Gecko) Chrome/71.0.3578.98 Safari/537.36"
::1 - - [22/Jan/2019:19:36:09 +0700] "GET /crud-full/public/create HTTP/1.1" 200 269 "-" "Mozilla/5.0 (Windows NT 10.0; Win64; x64) AppleWebKit/537.36 (KHTML, like Gecko) Chrome/71.0.3578.98 Safari/537.36"
::1 - - [22/Jan/2019:19:52:35 +0700] "GET /crud-full/public/create HTTP/1.1" 200 269 "-" "Mozilla/5.0 (Windows NT 10.0; Win64; x64) AppleWebKit/537.36 (KHTML, like Gecko) Chrome/71.0.3578.98 Safari/537.36"
::1 - - [22/Jan/2019:19:52:36 +0700] "GET /favicon.ico HTTP/1.1" 200 30894 "http://localhost/crud-full/public/create" "Mozilla/5.0 (Windows NT 10.0; Win64; x64) AppleWebKit/537.36 (KHTML, like Gecko) Chrome/71.0.3578.98 Safari/537.36"
::1 - - [22/Jan/2019:19:52:45 +0700] "GET /crud-full/public/create?_token=LIK3NxvBYJHmfqRSuWHrBYboOb21VfH55iWxib4r&ten=asdasdasd&email=asdasd HTTP/1.1" 200 269 "http://localhost/crud-full/public/create" "Mozilla/5.0 (Windows NT 10.0; Win64; x64) AppleWebKit/537.36 (KHTML, like Gecko) Chrome/71.0.3578.98 Safari/537.36"
::1 - - [22/Jan/2019:19:53:03 +0700] "GET /crud-full/public/create HTTP/1.1" 200 269 "-" "Mozilla/5.0 (Windows NT 10.0; Win64; x64) AppleWebKit/537.36 (KHTML, like Gecko) Chrome/71.0.3578.98 Safari/537.36"
::1 - - [22/Jan/2019:19:53:03 +0700] "GET /favicon.ico HTTP/1.1" 200 30894 "http://localhost/crud-full/public/create" "Mozilla/5.0 (Windows NT 10.0; Win64; x64) AppleWebKit/537.36 (KHTML, like Gecko) Chrome/71.0.3578.98 Safari/537.36"
::1 - - [22/Jan/2019:19:53:11 +0700] "GET /crud-full/public/create?_token=LIK3NxvBYJHmfqRSuWHrBYboOb21VfH55iWxib4r&ten=qwe&email=nhutbui2903%40gmail.com HTTP/1.1" 200 269 "http://localhost/crud-full/public/create" "Mozilla/5.0 (Windows NT 10.0; Win64; x64) AppleWebKit/537.36 (KHTML, like Gecko) Chrome/71.0.3578.98 Safari/537.36"
::1 - - [22/Jan/2019:19:55:30 +0700] "GET /crud-full/public/create?_token=LIK3NxvBYJHmfqRSuWHrBYboOb21VfH55iWxib4r&ten=asdasdasd&email=nhutbui2903%40gmail.com HTTP/1.1" 200 269 "http://localhost/crud-full/public/create?_token=LIK3NxvBYJHmfqRSuWHrBYboOb21VfH55iWxib4r&ten=qwe&email=nhutbui2903%40gmail.com" "Mozilla/5.0 (Windows NT 10.0; Win64; x64) AppleWebKit/537.36 (KHTML, like Gecko) Chrome/71.0.3578.98 Safari/537.36"
::1 - - [22/Jan/2019:19:56:08 +0700] "GET /crud-full/public/create?_token=LIK3NxvBYJHmfqRSuWHrBYboOb21VfH55iWxib4r&ten=asdasdasd&email=nhutbui2903%40gmail.com HTTP/1.1" 200 277 "http://localhost/crud-full/public/create?_token=LIK3NxvBYJHmfqRSuWHrBYboOb21VfH55iWxib4r&ten=asdasdasd&email=nhutbui2903%40gmail.com" "Mozilla/5.0 (Windows NT 10.0; Win64; x64) AppleWebKit/537.36 (KHTML, like Gecko) Chrome/71.0.3578.98 Safari/537.36"
::1 - - [22/Jan/2019:19:56:37 +0700] "GET /crud-full/public/create-success?_token=LIK3NxvBYJHmfqRSuWHrBYboOb21VfH55iWxib4r&ten=asdasdasd&email=nhutbui2903%40gmail.com HTTP/1.1" 405 367731 "http://localhost/crud-full/public/create?_token=LIK3NxvBYJHmfqRSuWHrBYboOb21VfH55iWxib4r&ten=asdasdasd&email=nhutbui2903%40gmail.com" "Mozilla/5.0 (Windows NT 10.0; Win64; x64) AppleWebKit/537.36 (KHTML, like Gecko) Chrome/71.0.3578.98 Safari/537.36"
::1 - - [22/Jan/2019:20:00:45 +0700] "GET /crud-full/public/create?_token=LIK3NxvBYJHmfqRSuWHrBYboOb21VfH55iWxib4r&ten=asdasdasd&email=nhutbui2903%40gmail.com HTTP/1.1" 200 274 "http://localhost/crud-full/public/create?_token=LIK3NxvBYJHmfqRSuWHrBYboOb21VfH55iWxib4r&ten=asdasdasd&email=nhutbui2903%40gmail.com" "Mozilla/5.0 (Windows NT 10.0; Win64; x64) AppleWebKit/537.36 (KHTML, like Gecko) Chrome/71.0.3578.98 Safari/537.36"
::1 - - [22/Jan/2019:20:00:46 +0700] "GET /favicon.ico HTTP/1.1" 200 30894 "http://localhost/crud-full/public/create?_token=LIK3NxvBYJHmfqRSuWHrBYboOb21VfH55iWxib4r&ten=asdasdasd&email=nhutbui2903%40gmail.com" "Mozilla/5.0 (Windows NT 10.0; Win64; x64) AppleWebKit/537.36 (KHTML, like Gecko) Chrome/71.0.3578.98 Safari/537.36"
::1 - - [22/Jan/2019:20:00:50 +0700] "GET /crud-full/public/user.create?_token=LIK3NxvBYJHmfqRSuWHrBYboOb21VfH55iWxib4r&ten=asdasdasd&email=nhutbui2903%40gmail.com HTTP/1.1" 404 1482 "http://localhost/crud-full/public/create?_token=LIK3NxvBYJHmfqRSuWHrBYboOb21VfH55iWxib4r&ten=asdasdasd&email=nhutbui2903%40gmail.com" "Mozilla/5.0 (Windows NT 10.0; Win64; x64) AppleWebKit/537.36 (KHTML, like Gecko) Chrome/71.0.3578.98 Safari/537.36"
::1 - - [22/Jan/2019:20:01:29 +0700] "GET /crud-full/public/user.create?_token=LIK3NxvBYJHmfqRSuWHrBYboOb21VfH55iWxib4r&ten=asdasdasd&email=nhutbui2903%40gmail.com HTTP/1.1" 404 1482 "http://localhost/crud-full/public/create?_token=LIK3NxvBYJHmfqRSuWHrBYboOb21VfH55iWxib4r&ten=asdasdasd&email=nhutbui2903%40gmail.com" "Mozilla/5.0 (Windows NT 10.0; Win64; x64) AppleWebKit/537.36 (KHTML, like Gecko) Chrome/71.0.3578.98 Safari/537.36"
::1 - - [22/Jan/2019:20:01:31 +0700] "GET /crud-full/public/user.create?_token=LIK3NxvBYJHmfqRSuWHrBYboOb21VfH55iWxib4r&ten=asdasdasd&email=nhutbui2903%40gmail.com HTTP/1.1" 404 1482 "http://localhost/crud-full/public/create?_token=LIK3NxvBYJHmfqRSuWHrBYboOb21VfH55iWxib4r&ten=asdasdasd&email=nhutbui2903%40gmail.com" "Mozilla/5.0 (Windows NT 10.0; Win64; x64) AppleWebKit/537.36 (KHTML, like Gecko) Chrome/71.0.3578.98 Safari/537.36"
::1 - - [22/Jan/2019:20:01:31 +0700] "GET /favicon.ico HTTP/1.1" 200 30894 "http://localhost/crud-full/public/user.create?_token=LIK3NxvBYJHmfqRSuWHrBYboOb21VfH55iWxib4r&ten=asdasdasd&email=nhutbui2903%40gmail.com" "Mozilla/5.0 (Windows NT 10.0; Win64; x64) AppleWebKit/537.36 (KHTML, like Gecko) Chrome/71.0.3578.98 Safari/537.36"
::1 - - [22/Jan/2019:20:01:34 +0700] "GET /crud-full/public/create?_token=LIK3NxvBYJHmfqRSuWHrBYboOb21VfH55iWxib4r&ten=asdasdasd&email=nhutbui2903%40gmail.com HTTP/1.1" 200 274 "http://localhost/crud-full/public/create?_token=LIK3NxvBYJHmfqRSuWHrBYboOb21VfH55iWxib4r&ten=asdasdasd&email=nhutbui2903%40gmail.com" "Mozilla/5.0 (Windows NT 10.0; Win64; x64) AppleWebKit/537.36 (KHTML, like Gecko) Chrome/71.0.3578.98 Safari/537.36"
::1 - - [22/Jan/2019:20:01:34 +0700] "GET /favicon.ico HTTP/1.1" 200 30894 "http://localhost/crud-full/public/create?_token=LIK3NxvBYJHmfqRSuWHrBYboOb21VfH55iWxib4r&ten=asdasdasd&email=nhutbui2903%40gmail.com" "Mozilla/5.0 (Windows NT 10.0; Win64; x64) AppleWebKit/537.36 (KHTML, like Gecko) Chrome/71.0.3578.98 Safari/537.36"
::1 - - [22/Jan/2019:20:01:38 +0700] "GET /crud-full/public/user.create?_token=LIK3NxvBYJHmfqRSuWHrBYboOb21VfH55iWxib4r&ten=asdasdasd&email=nhutbui2903%40gmail.com HTTP/1.1" 404 1482 "http://localhost/crud-full/public/create?_token=LIK3NxvBYJHmfqRSuWHrBYboOb21VfH55iWxib4r&ten=asdasdasd&email=nhutbui2903%40gmail.com" "Mozilla/5.0 (Windows NT 10.0; Win64; x64) AppleWebKit/537.36 (KHTML, like Gecko) Chrome/71.0.3578.98 Safari/537.36"
::1 - - [22/Jan/2019:20:02:07 +0700] "GET /crud-full/public/user.create?_token=LIK3NxvBYJHmfqRSuWHrBYboOb21VfH55iWxib4r&ten=asdasdasd&email=nhutbui2903%40gmail.com HTTP/1.1" 404 1482 "http://localhost/crud-full/public/create?_token=LIK3NxvBYJHmfqRSuWHrBYboOb21VfH55iWxib4r&ten=asdasdasd&email=nhutbui2903%40gmail.com" "Mozilla/5.0 (Windows NT 10.0; Win64; x64) AppleWebKit/537.36 (KHTML, like Gecko) Chrome/71.0.3578.98 Safari/537.36"
::1 - - [22/Jan/2019:20:02:07 +0700] "GET /favicon.ico HTTP/1.1" 200 30894 "http://localhost/crud-full/public/user.create?_token=LIK3NxvBYJHmfqRSuWHrBYboOb21VfH55iWxib4r&ten=asdasdasd&email=nhutbui2903%40gmail.com" "Mozilla/5.0 (Windows NT 10.0; Win64; x64) AppleWebKit/537.36 (KHTML, like Gecko) Chrome/71.0.3578.98 Safari/537.36"
::1 - - [22/Jan/2019:20:02:44 +0700] "GET /crud-full/public/create?_token=LIK3NxvBYJHmfqRSuWHrBYboOb21VfH55iWxib4r&ten=asdasdasd&email=nhutbui2903%40gmail.com HTTP/1.1" 200 277 "http://localhost/crud-full/public/create?_token=LIK3NxvBYJHmfqRSuWHrBYboOb21VfH55iWxib4r&ten=asdasdasd&email=nhutbui2903%40gmail.com" "Mozilla/5.0 (Windows NT 10.0; Win64; x64) AppleWebKit/537.36 (KHTML, like Gecko) Chrome/71.0.3578.98 Safari/537.36"
::1 - - [22/Jan/2019:20:02:44 +0700] "GET /favicon.ico HTTP/1.1" 200 30894 "http://localhost/crud-full/public/create?_token=LIK3NxvBYJHmfqRSuWHrBYboOb21VfH55iWxib4r&ten=asdasdasd&email=nhutbui2903%40gmail.com" "Mozilla/5.0 (Windows NT 10.0; Win64; x64) AppleWebKit/537.36 (KHTML, like Gecko) Chrome/71.0.3578.98 Safari/537.36"
::1 - - [22/Jan/2019:20:02:49 +0700] "GET /crud-full/public/create-success?_token=LIK3NxvBYJHmfqRSuWHrBYboOb21VfH55iWxib4r&ten=asdasdasd&email=nhutbui2903%40gmail.com HTTP/1.1" 405 367743 "http://localhost/crud-full/public/create?_token=LIK3NxvBYJHmfqRSuWHrBYboOb21VfH55iWxib4r&ten=asdasdasd&email=nhutbui2903%40gmail.com" "Mozilla/5.0 (Windows NT 10.0; Win64; x64) AppleWebKit/537.36 (KHTML, like Gecko) Chrome/71.0.3578.98 Safari/537.36"
::1 - - [22/Jan/2019:20:05:10 +0700] "GET /crud-full/public/create-success?_token=LIK3NxvBYJHmfqRSuWHrBYboOb21VfH55iWxib4r&ten=asdasdasd&email=nhutbui2903%40gmail.com HTTP/1.1" 405 368052 "http://localhost/crud-full/public/create?_token=LIK3NxvBYJHmfqRSuWHrBYboOb21VfH55iWxib4r&ten=asdasdasd&email=nhutbui2903%40gmail.com" "Mozilla/5.0 (Windows NT 10.0; Win64; x64) AppleWebKit/537.36 (KHTML, like Gecko) Chrome/71.0.3578.98 Safari/537.36"
::1 - - [22/Jan/2019:20:05:11 +0700] "GET /favicon.ico HTTP/1.1" 200 30894 "http://localhost/crud-full/public/create-success?_token=LIK3NxvBYJHmfqRSuWHrBYboOb21VfH55iWxib4r&ten=asdasdasd&email=nhutbui2903%40gmail.com" "Mozilla/5.0 (Windows NT 10.0; Win64; x64) AppleWebKit/537.36 (KHTML, like Gecko) Chrome/71.0.3578.98 Safari/537.36"
::1 - - [22/Jan/2019:20:05:16 +0700] "GET /crud-full/public/create?_token=LIK3NxvBYJHmfqRSuWHrBYboOb21VfH55iWxib4r&ten=asdasdasd&email=nhutbui2903%40gmail.com HTTP/1.1" 200 277 "http://localhost/crud-full/public/create?_token=LIK3NxvBYJHmfqRSuWHrBYboOb21VfH55iWxib4r&ten=asdasdasd&email=nhutbui2903%40gmail.com" "Mozilla/5.0 (Windows NT 10.0; Win64; x64) AppleWebKit/537.36 (KHTML, like Gecko) Chrome/71.0.3578.98 Safari/537.36"
::1 - - [22/Jan/2019:20:05:16 +0700] "GET /favicon.ico HTTP/1.1" 200 30894 "http://localhost/crud-full/public/create?_token=LIK3NxvBYJHmfqRSuWHrBYboOb21VfH55iWxib4r&ten=asdasdasd&email=nhutbui2903%40gmail.com" "Mozilla/5.0 (Windows NT 10.0; Win64; x64) AppleWebKit/537.36 (KHTML, like Gecko) Chrome/71.0.3578.98 Safari/537.36"
::1 - - [22/Jan/2019:20:05:20 +0700] "GET /crud-full/public/create-success?_token=LIK3NxvBYJHmfqRSuWHrBYboOb21VfH55iWxib4r&ten=asdasdasd&email=nhutbui2903%40gmail.com HTTP/1.1" 405 367723 "http://localhost/crud-full/public/create?_token=LIK3NxvBYJHmfqRSuWHrBYboOb21VfH55iWxib4r&ten=asdasdasd&email=nhutbui2903%40gmail.com" "Mozilla/5.0 (Windows NT 10.0; Win64; x64) AppleWebKit/537.36 (KHTML, like Gecko) Chrome/71.0.3578.98 Safari/537.36"
::1 - - [22/Jan/2019:20:06:54 +0700] "GET /crud-full/public/create-success?_token=LIK3NxvBYJHmfqRSuWHrBYboOb21VfH55iWxib4r&ten=asdasdasd&email=nhutbui2903%40gmail.com HTTP/1.1" 405 368052 "http://localhost/crud-full/public/create?_token=LIK3NxvBYJHmfqRSuWHrBYboOb21VfH55iWxib4r&ten=asdasdasd&email=nhutbui2903%40gmail.com" "Mozilla/5.0 (Windows NT 10.0; Win64; x64) AppleWebKit/537.36 (KHTML, like Gecko) Chrome/71.0.3578.98 Safari/537.36"
::1 - - [22/Jan/2019:20:06:54 +0700] "GET /favicon.ico HTTP/1.1" 200 30894 "http://localhost/crud-full/public/create-success?_token=LIK3NxvBYJHmfqRSuWHrBYboOb21VfH55iWxib4r&ten=asdasdasd&email=nhutbui2903%40gmail.com" "Mozilla/5.0 (Windows NT 10.0; Win64; x64) AppleWebKit/537.36 (KHTML, like Gecko) Chrome/71.0.3578.98 Safari/537.36"
::1 - - [22/Jan/2019:20:06:57 +0700] "GET /crud-full/public/create?_token=LIK3NxvBYJHmfqRSuWHrBYboOb21VfH55iWxib4r&ten=asdasdasd&email=nhutbui2903%40gmail.com HTTP/1.1" 200 278 "http://localhost/crud-full/public/create?_token=LIK3NxvBYJHmfqRSuWHrBYboOb21VfH55iWxib4r&ten=asdasdasd&email=nhutbui2903%40gmail.com" "Mozilla/5.0 (Windows NT 10.0; Win64; x64) AppleWebKit/537.36 (KHTML, like Gecko) Chrome/71.0.3578.98 Safari/537.36"
::1 - - [22/Jan/2019:20:06:58 +0700] "GET /favicon.ico HTTP/1.1" 200 30894 "http://localhost/crud-full/public/create?_token=LIK3NxvBYJHmfqRSuWHrBYboOb21VfH55iWxib4r&ten=asdasdasd&email=nhutbui2903%40gmail.com" "Mozilla/5.0 (Windows NT 10.0; Win64; x64) AppleWebKit/537.36 (KHTML, like Gecko) Chrome/71.0.3578.98 Safari/537.36"
::1 - - [22/Jan/2019:20:07:02 +0700] "POST /crud-full/public/create-success HTTP/1.1" 500 394003 "http://localhost/crud-full/public/create?_token=LIK3NxvBYJHmfqRSuWHrBYboOb21VfH55iWxib4r&ten=asdasdasd&email=nhutbui2903%40gmail.com" "Mozilla/5.0 (Windows NT 10.0; Win64; x64) AppleWebKit/537.36 (KHTML, like Gecko) Chrome/71.0.3578.98 Safari/537.36"
::1 - - [22/Jan/2019:20:09:31 +0700] "POST /crud-full/public/create-success HTTP/1.1" 500 394003 "http://localhost/crud-full/public/create?_token=LIK3NxvBYJHmfqRSuWHrBYboOb21VfH55iWxib4r&ten=asdasdasd&email=nhutbui2903%40gmail.com" "Mozilla/5.0 (Windows NT 10.0; Win64; x64) AppleWebKit/537.36 (KHTML, like Gecko) Chrome/71.0.3578.98 Safari/537.36"
::1 - - [22/Jan/2019:20:09:31 +0700] "GET /favicon.ico HTTP/1.1" 200 30894 "http://localhost/crud-full/public/create-success" "Mozilla/5.0 (Windows NT 10.0; Win64; x64) AppleWebKit/537.36 (KHTML, like Gecko) Chrome/71.0.3578.98 Safari/537.36"
::1 - - [22/Jan/2019:20:19:58 +0700] "POST /crud-full/public/create-success HTTP/1.1" 500 393969 "http://localhost/crud-full/public/create?_token=LIK3NxvBYJHmfqRSuWHrBYboOb21VfH55iWxib4r&ten=asdasdasd&email=nhutbui2903%40gmail.com" "Mozilla/5.0 (Windows NT 10.0; Win64; x64) AppleWebKit/537.36 (KHTML, like Gecko) Chrome/71.0.3578.98 Safari/537.36"
::1 - - [22/Jan/2019:20:19:59 +0700] "GET /favicon.ico HTTP/1.1" 200 30894 "http://localhost/crud-full/public/create-success" "Mozilla/5.0 (Windows NT 10.0; Win64; x64) AppleWebKit/537.36 (KHTML, like Gecko) Chrome/71.0.3578.98 Safari/537.36"
::1 - - [22/Jan/2019:20:21:02 +0700] "POST /crud-full/public/create-success HTTP/1.1" 500 132508 "http://localhost/crud-full/public/create?_token=LIK3NxvBYJHmfqRSuWHrBYboOb21VfH55iWxib4r&ten=asdasdasd&email=nhutbui2903%40gmail.com" "Mozilla/5.0 (Windows NT 10.0; Win64; x64) AppleWebKit/537.36 (KHTML, like Gecko) Chrome/71.0.3578.98 Safari/537.36"
::1 - - [22/Jan/2019:20:21:03 +0700] "GET /favicon.ico HTTP/1.1" 200 30894 "http://localhost/crud-full/public/create-success" "Mozilla/5.0 (Windows NT 10.0; Win64; x64) AppleWebKit/537.36 (KHTML, like Gecko) Chrome/71.0.3578.98 Safari/537.36"
::1 - - [22/Jan/2019:20:23:08 +0700] "POST /crud-full/public/create-success HTTP/1.1" 500 132481 "http://localhost/crud-full/public/create?_token=LIK3NxvBYJHmfqRSuWHrBYboOb21VfH55iWxib4r&ten=asdasdasd&email=nhutbui2903%40gmail.com" "Mozilla/5.0 (Windows NT 10.0; Win64; x64) AppleWebKit/537.36 (KHTML, like Gecko) Chrome/71.0.3578.98 Safari/537.36"
::1 - - [22/Jan/2019:20:23:09 +0700] "GET /favicon.ico HTTP/1.1" 200 30894 "http://localhost/crud-full/public/create-success" "Mozilla/5.0 (Windows NT 10.0; Win64; x64) AppleWebKit/537.36 (KHTML, like Gecko) Chrome/71.0.3578.98 Safari/537.36"
::1 - - [22/Jan/2019:20:24:20 +0700] "POST /crud-full/public/create-success HTTP/1.1" 500 669352 "http://localhost/crud-full/public/create?_token=LIK3NxvBYJHmfqRSuWHrBYboOb21VfH55iWxib4r&ten=asdasdasd&email=nhutbui2903%40gmail.com" "Mozilla/5.0 (Windows NT 10.0; Win64; x64) AppleWebKit/537.36 (KHTML, like Gecko) Chrome/71.0.3578.98 Safari/537.36"
::1 - - [22/Jan/2019:20:24:21 +0700] "GET /favicon.ico HTTP/1.1" 200 30894 "http://localhost/crud-full/public/create-success" "Mozilla/5.0 (Windows NT 10.0; Win64; x64) AppleWebKit/537.36 (KHTML, like Gecko) Chrome/71.0.3578.98 Safari/537.36"
::1 - - [22/Jan/2019:20:24:32 +0700] "GET /crud-full/public/create?_token=LIK3NxvBYJHmfqRSuWHrBYboOb21VfH55iWxib4r&ten=asdasdasd&email=nhutbui2903%40gmail.com HTTP/1.1" 200 278 "http://localhost/crud-full/public/create?_token=LIK3NxvBYJHmfqRSuWHrBYboOb21VfH55iWxib4r&ten=asdasdasd&email=nhutbui2903%40gmail.com" "Mozilla/5.0 (Windows NT 10.0; Win64; x64) AppleWebKit/537.36 (KHTML, like Gecko) Chrome/71.0.3578.98 Safari/537.36"
::1 - - [22/Jan/2019:20:24:33 +0700] "GET /favicon.ico HTTP/1.1" 200 30894 "http://localhost/crud-full/public/create?_token=LIK3NxvBYJHmfqRSuWHrBYboOb21VfH55iWxib4r&ten=asdasdasd&email=nhutbui2903%40gmail.com" "Mozilla/5.0 (Windows NT 10.0; Win64; x64) AppleWebKit/537.36 (KHTML, like Gecko) Chrome/71.0.3578.98 Safari/537.36"
::1 - - [22/Jan/2019:20:24:37 +0700] "POST /crud-full/public/create-success HTTP/1.1" 500 669348 "http://localhost/crud-full/public/create?_token=LIK3NxvBYJHmfqRSuWHrBYboOb21VfH55iWxib4r&ten=asdasdasd&email=nhutbui2903%40gmail.com" "Mozilla/5.0 (Windows NT 10.0; Win64; x64) AppleWebKit/537.36 (KHTML, like Gecko) Chrome/71.0.3578.98 Safari/537.36"
::1 - - [22/Jan/2019:20:26:19 +0700] "GET /crud-full/public/create?_token=LIK3NxvBYJHmfqRSuWHrBYboOb21VfH55iWxib4r&ten=asdasdasd&email=nhutbui2903%40gmail.com HTTP/1.1" 200 278 "http://localhost/crud-full/public/create?_token=LIK3NxvBYJHmfqRSuWHrBYboOb21VfH55iWxib4r&ten=asdasdasd&email=nhutbui2903%40gmail.com" "Mozilla/5.0 (Windows NT 10.0; Win64; x64) AppleWebKit/537.36 (KHTML, like Gecko) Chrome/71.0.3578.98 Safari/537.36"
::1 - - [22/Jan/2019:20:26:19 +0700] "GET /favicon.ico HTTP/1.1" 200 30894 "http://localhost/crud-full/public/create?_token=LIK3NxvBYJHmfqRSuWHrBYboOb21VfH55iWxib4r&ten=asdasdasd&email=nhutbui2903%40gmail.com" "Mozilla/5.0 (Windows NT 10.0; Win64; x64) AppleWebKit/537.36 (KHTML, like Gecko) Chrome/71.0.3578.98 Safari/537.36"
::1 - - [22/Jan/2019:20:26:25 +0700] "POST /crud-full/public/create-success HTTP/1.1" 500 132352 "http://localhost/crud-full/public/create?_token=LIK3NxvBYJHmfqRSuWHrBYboOb21VfH55iWxib4r&ten=asdasdasd&email=nhutbui2903%40gmail.com" "Mozilla/5.0 (Windows NT 10.0; Win64; x64) AppleWebKit/537.36 (KHTML, like Gecko) Chrome/71.0.3578.98 Safari/537.36"
::1 - - [22/Jan/2019:20:30:56 +0700] "POST /crud-full/public/create-success HTTP/1.1" 200 18 "http://localhost/crud-full/public/create?_token=LIK3NxvBYJHmfqRSuWHrBYboOb21VfH55iWxib4r&ten=asdasdasd&email=nhutbui2903%40gmail.com" "Mozilla/5.0 (Windows NT 10.0; Win64; x64) AppleWebKit/537.36 (KHTML, like Gecko) Chrome/71.0.3578.98 Safari/537.36"
::1 - - [22/Jan/2019:20:30:57 +0700] "GET /favicon.ico HTTP/1.1" 200 30894 "http://localhost/crud-full/public/create-success" "Mozilla/5.0 (Windows NT 10.0; Win64; x64) AppleWebKit/537.36 (KHTML, like Gecko) Chrome/71.0.3578.98 Safari/537.36"
::1 - - [22/Jan/2019:20:46:18 +0700] "GET /crud-full/public/create HTTP/1.1" 200 278 "-" "Mozilla/5.0 (Windows NT 10.0; Win64; x64) AppleWebKit/537.36 (KHTML, like Gecko) Chrome/71.0.3578.98 Safari/537.36"
::1 - - [22/Jan/2019:20:46:23 +0700] "GET /crud-full/public/show HTTP/1.1" 200 - "-" "Mozilla/5.0 (Windows NT 10.0; Win64; x64) AppleWebKit/537.36 (KHTML, like Gecko) Chrome/71.0.3578.98 Safari/537.36"
::1 - - [22/Jan/2019:20:46:36 +0700] "GET /crud-full/public/show HTTP/1.1" 500 - "-" "Mozilla/5.0 (Windows NT 10.0; Win64; x64) AppleWebKit/537.36 (KHTML, like Gecko) Chrome/71.0.3578.98 Safari/537.36"
::1 - - [22/Jan/2019:20:46:47 +0700] "GET /crud-full/public/show HTTP/1.1" 500 - "-" "Mozilla/5.0 (Windows NT 10.0; Win64; x64) AppleWebKit/537.36 (KHTML, like Gecko) Chrome/71.0.3578.98 Safari/537.36"
::1 - - [22/Jan/2019:20:52:37 +0700] "GET /crud-full/public/show HTTP/1.1" 500 130260 "-" "Mozilla/5.0 (Windows NT 10.0; Win64; x64) AppleWebKit/537.36 (KHTML, like Gecko) Chrome/71.0.3578.98 Safari/537.36"
::1 - - [22/Jan/2019:20:52:37 +0700] "GET /favicon.ico HTTP/1.1" 200 30894 "http://localhost/crud-full/public/show" "Mozilla/5.0 (Windows NT 10.0; Win64; x64) AppleWebKit/537.36 (KHTML, like Gecko) Chrome/71.0.3578.98 Safari/537.36"
::1 - - [22/Jan/2019:20:53:37 +0700] "GET /crud-full/public/show HTTP/1.1" 500 130146 "-" "Mozilla/5.0 (Windows NT 10.0; Win64; x64) AppleWebKit/537.36 (KHTML, like Gecko) Chrome/71.0.3578.98 Safari/537.36"
::1 - - [22/Jan/2019:20:53:38 +0700] "GET /favicon.ico HTTP/1.1" 200 30894 "http://localhost/crud-full/public/show" "Mozilla/5.0 (Windows NT 10.0; Win64; x64) AppleWebKit/537.36 (KHTML, like Gecko) Chrome/71.0.3578.98 Safari/537.36"
::1 - - [22/Jan/2019:20:57:05 +0700] "GET /crud-full/public/show HTTP/1.1" 500 17014 "-" "Mozilla/5.0 (Windows NT 10.0; Win64; x64) AppleWebKit/537.36 (KHTML, like Gecko) Chrome/71.0.3578.98 Safari/537.36"
::1 - - [22/Jan/2019:20:57:06 +0700] "GET /favicon.ico HTTP/1.1" 200 30894 "http://localhost/crud-full/public/show" "Mozilla/5.0 (Windows NT 10.0; Win64; x64) AppleWebKit/537.36 (KHTML, like Gecko) Chrome/71.0.3578.98 Safari/537.36"
