2015-11-10 15:26:56 10fc InnoDB: Warning: Using innodb_additional_mem_pool_size is DEPRECATED. This option may be removed in future releases, together with the option innodb_use_sys_malloc and with the InnoDB's internal memory allocator.
2015-11-10 15:26:56 4348 [Note] InnoDB: Using mutexes to ref count buffer pool pages
2015-11-10 15:26:56 4348 [Note] InnoDB: The InnoDB memory heap is disabled
2015-11-10 15:26:56 4348 [Note] InnoDB: Mutexes and rw_locks use Windows interlocked functions
2015-11-10 15:26:56 4348 [Note] InnoDB: Memory barrier is not used
2015-11-10 15:26:56 4348 [Note] InnoDB: Compressed tables use zlib 1.2.3
2015-11-10 15:26:56 4348 [Note] InnoDB: Not using CPU crc32 instructions
2015-11-10 15:26:56 4348 [Note] InnoDB: Initializing buffer pool, size = 16.0M
2015-11-10 15:26:56 4348 [Note] InnoDB: Completed initialization of buffer pool
2015-11-10 15:26:56 4348 [Note] InnoDB: Highest supported file format is Barracuda.
2015-11-10 15:26:57 4348 [Note] InnoDB: 128 rollback segment(s) are active.
2015-11-10 15:26:57 4348 [Note] InnoDB: Waiting for purge to start
2015-11-10 15:26:57 4348 [Note] InnoDB:  Percona XtraDB (http://www.percona.com) 5.6.26-74.0 started; log sequence number 1835027
2015-11-10 15:26:57 6140 [Note] InnoDB: Dumping buffer pool(s) not yet started
2015-11-10 15:26:57 4348 [Note] Plugin 'FEEDBACK' is disabled.
2015-11-10 15:26:57 4348 [Note] Server socket created on IP: '::'.
2015-11-10 15:26:57 4348 [Note] Event Scheduler: Loaded 0 events
2015-11-10 15:26:57 4348 [Note] C:\xampp\mysql\bin\mysqld.exe: ready for connections.
Version: '10.1.8-MariaDB'  socket: ''  port: 3306  mariadb.org binary distribution
2015-11-10 15:27:11 5152 [Note] C:\xampp\mysql\bin\mysqld.exe: Normal shutdown

2015-11-10 15:27:11 5152 [Note] Event Scheduler: Purging the queue. 0 events
2015-11-10 15:27:11 5732 [Note] InnoDB: FTS optimize thread exiting.
2015-11-10 15:27:11 5152 [Note] InnoDB: Starting shutdown...
2015-11-10 15:27:13 5152 [Note] InnoDB: Shutdown completed; log sequence number 1835037
2015-11-10 15:27:13 5152 [Note] C:\xampp\mysql\bin\mysqld.exe: Shutdown complete

2019-01-19 20:15:29 bf8 InnoDB: Warning: Using innodb_additional_mem_pool_size is DEPRECATED. This option may be removed in future releases, together with the option innodb_use_sys_malloc and with the InnoDB's internal memory allocator.
2019-01-19 20:15:29 3064 [Note] InnoDB: innodb_empty_free_list_algorithm has been changed to legacy because of small buffer pool size. In order to use backoff, increase buffer pool at least up to 20MB.

2019-01-19 20:15:29 3064 [Note] InnoDB: Using mutexes to ref count buffer pool pages
2019-01-19 20:15:29 3064 [Note] InnoDB: The InnoDB memory heap is disabled
2019-01-19 20:15:29 3064 [Note] InnoDB: Mutexes and rw_locks use Windows interlocked functions
2019-01-19 20:15:29 3064 [Note] InnoDB: _mm_lfence() and _mm_sfence() are used for memory barrier
2019-01-19 20:15:29 3064 [Note] InnoDB: Compressed tables use zlib 1.2.11
2019-01-19 20:15:29 3064 [Note] InnoDB: Using generic crc32 instructions
2019-01-19 20:15:29 3064 [Note] InnoDB: Initializing buffer pool, size = 16.0M
2019-01-19 20:15:29 3064 [Note] InnoDB: Completed initialization of buffer pool
2019-01-19 20:15:29 3064 [Note] InnoDB: Highest supported file format is Barracuda.
2019-01-19 20:15:30 3064 [Note] InnoDB: 128 rollback segment(s) are active.
2019-01-19 20:15:30 3064 [Note] InnoDB: Waiting for purge to start
2019-01-19 20:15:30 3064 [Note] InnoDB:  Percona XtraDB (http://www.percona.com) 5.6.41-84.1 started; log sequence number 1835037
2019-01-19 20:15:30 3504 [Note] InnoDB: Dumping buffer pool(s) not yet started
2019-01-19 20:15:30 3064 [Note] Plugin 'FEEDBACK' is disabled.
2019-01-19 20:15:31 3064 [Note] Server socket created on IP: '::'.
2019-01-19 20:15:31 3064 [Note] c:\xampp\mysql\bin\mysqld.exe: ready for connections.
Version: '10.1.37-MariaDB'  socket: ''  port: 3306  mariadb.org binary distribution
2019-01-21 08:05:59 14a8 InnoDB: Warning: Using innodb_additional_mem_pool_size is DEPRECATED. This option may be removed in future releases, together with the option innodb_use_sys_malloc and with the InnoDB's internal memory allocator.
2019-01-21  8:05:59 5288 [Note] InnoDB: innodb_empty_free_list_algorithm has been changed to legacy because of small buffer pool size. In order to use backoff, increase buffer pool at least up to 20MB.

2019-01-21  8:05:59 5288 [Note] InnoDB: Using mutexes to ref count buffer pool pages
2019-01-21  8:05:59 5288 [Note] InnoDB: The InnoDB memory heap is disabled
2019-01-21  8:05:59 5288 [Note] InnoDB: Mutexes and rw_locks use Windows interlocked functions
2019-01-21  8:05:59 5288 [Note] InnoDB: _mm_lfence() and _mm_sfence() are used for memory barrier
2019-01-21  8:05:59 5288 [Note] InnoDB: Compressed tables use zlib 1.2.11
2019-01-21  8:05:59 5288 [Note] InnoDB: Using generic crc32 instructions
2019-01-21  8:05:59 5288 [Note] InnoDB: Initializing buffer pool, size = 16.0M
2019-01-21  8:05:59 5288 [Note] InnoDB: Completed initialization of buffer pool
2019-01-21  8:05:59 5288 [Note] InnoDB: Highest supported file format is Barracuda.
2019-01-21  8:05:59 5288 [Note] InnoDB: The log sequence number 1835037 in ibdata file do not match the log sequence number 1835047 in the ib_logfiles!
2019-01-21  8:06:00 5288 [Note] InnoDB: Restoring possible half-written data pages from the doublewrite buffer...
2019-01-21  8:06:02 5288 [Note] InnoDB: 128 rollback segment(s) are active.
2019-01-21  8:06:02 5288 [Note] InnoDB: Waiting for purge to start
2019-01-21  8:06:02 5288 [Note] InnoDB:  Percona XtraDB (http://www.percona.com) 5.6.41-84.1 started; log sequence number 1835047
2019-01-21  8:06:02 11516 [Note] InnoDB: Dumping buffer pool(s) not yet started
2019-01-21  8:06:02 5288 [Note] Plugin 'FEEDBACK' is disabled.
2019-01-21  8:06:02 5288 [Note] Server socket created on IP: '::'.
2019-01-21  8:06:03 5288 [Note] c:\xampp\mysql\bin\mysqld.exe: ready for connections.
Version: '10.1.37-MariaDB'  socket: ''  port: 3306  mariadb.org binary distribution
2019-01-22 09:17:38 2744 InnoDB: Warning: Using innodb_additional_mem_pool_size is DEPRECATED. This option may be removed in future releases, together with the option innodb_use_sys_malloc and with the InnoDB's internal memory allocator.
2019-01-22  9:17:38 10052 [Note] InnoDB: innodb_empty_free_list_algorithm has been changed to legacy because of small buffer pool size. In order to use backoff, increase buffer pool at least up to 20MB.

2019-01-22  9:17:38 10052 [Note] InnoDB: Using mutexes to ref count buffer pool pages
2019-01-22  9:17:38 10052 [Note] InnoDB: The InnoDB memory heap is disabled
2019-01-22  9:17:38 10052 [Note] InnoDB: Mutexes and rw_locks use Windows interlocked functions
2019-01-22  9:17:38 10052 [Note] InnoDB: _mm_lfence() and _mm_sfence() are used for memory barrier
2019-01-22  9:17:38 10052 [Note] InnoDB: Compressed tables use zlib 1.2.11
2019-01-22  9:17:38 10052 [Note] InnoDB: Using generic crc32 instructions
2019-01-22  9:17:38 10052 [Note] InnoDB: Initializing buffer pool, size = 16.0M
2019-01-22  9:17:38 10052 [Note] InnoDB: Completed initialization of buffer pool
2019-01-22  9:17:38 10052 [Note] InnoDB: Highest supported file format is Barracuda.
2019-01-22  9:17:38 10052 [Note] InnoDB: The log sequence number 1835037 in ibdata file do not match the log sequence number 1835057 in the ib_logfiles!
2019-01-22  9:17:39 10052 [Note] InnoDB: Restoring possible half-written data pages from the doublewrite buffer...
2019-01-22  9:17:40 10052 [Note] InnoDB: 128 rollback segment(s) are active.
2019-01-22  9:17:40 10052 [Note] InnoDB: Waiting for purge to start
2019-01-22  9:17:40 10052 [Note] InnoDB:  Percona XtraDB (http://www.percona.com) 5.6.41-84.1 started; log sequence number 1835057
2019-01-22  9:17:40 11040 [Note] InnoDB: Dumping buffer pool(s) not yet started
2019-01-22  9:17:40 10052 [Note] Plugin 'FEEDBACK' is disabled.
2019-01-22  9:17:40 10052 [Note] Server socket created on IP: '::'.
2019-01-22  9:17:41 10052 [Note] c:\xampp\mysql\bin\mysqld.exe: ready for connections.
Version: '10.1.37-MariaDB'  socket: ''  port: 3306  mariadb.org binary distribution
2019-01-22 18:27:59 3724 InnoDB: Warning: Using innodb_additional_mem_pool_size is DEPRECATED. This option may be removed in future releases, together with the option innodb_use_sys_malloc and with the InnoDB's internal memory allocator.
2019-01-22 18:27:59 14116 [Note] InnoDB: innodb_empty_free_list_algorithm has been changed to legacy because of small buffer pool size. In order to use backoff, increase buffer pool at least up to 20MB.

2019-01-22 18:27:59 14116 [Note] InnoDB: Using mutexes to ref count buffer pool pages
2019-01-22 18:27:59 14116 [Note] InnoDB: The InnoDB memory heap is disabled
2019-01-22 18:27:59 14116 [Note] InnoDB: Mutexes and rw_locks use Windows interlocked functions
2019-01-22 18:27:59 14116 [Note] InnoDB: _mm_lfence() and _mm_sfence() are used for memory barrier
2019-01-22 18:27:59 14116 [Note] InnoDB: Compressed tables use zlib 1.2.11
2019-01-22 18:27:59 14116 [Note] InnoDB: Using generic crc32 instructions
2019-01-22 18:27:59 14116 [Note] InnoDB: Initializing buffer pool, size = 16.0M
2019-01-22 18:27:59 14116 [Note] InnoDB: Completed initialization of buffer pool
2019-01-22 18:27:59 14116 [Note] InnoDB: Highest supported file format is Barracuda.
2019-01-22 18:27:59 14116 [Note] InnoDB: The log sequence number 1835037 in ibdata file do not match the log sequence number 1835067 in the ib_logfiles!
2019-01-22 18:28:00 14116 [Note] InnoDB: Restoring possible half-written data pages from the doublewrite buffer...
2019-01-22 18:28:00 14116 [Note] InnoDB: 128 rollback segment(s) are active.
2019-01-22 18:28:00 14116 [Note] InnoDB: Waiting for purge to start
2019-01-22 18:28:00 14116 [Note] InnoDB:  Percona XtraDB (http://www.percona.com) 5.6.41-84.1 started; log sequence number 1835067
2019-01-22 18:28:01 15024 [Note] InnoDB: Dumping buffer pool(s) not yet started
2019-01-22 18:28:01 14116 [Note] Plugin 'FEEDBACK' is disabled.
2019-01-22 18:28:01 14116 [Note] Server socket created on IP: '::'.
2019-01-22 18:28:01 14116 [Note] c:\xampp\mysql\bin\mysqld.exe: ready for connections.
Version: '10.1.37-MariaDB'  socket: ''  port: 3306  mariadb.org binary distribution
2019-01-23 15:32:50 1b5c InnoDB: Warning: Using innodb_additional_mem_pool_size is DEPRECATED. This option may be removed in future releases, together with the option innodb_use_sys_malloc and with the InnoDB's internal memory allocator.
2019-01-23 15:32:50 7004 [Note] InnoDB: innodb_empty_free_list_algorithm has been changed to legacy because of small buffer pool size. In order to use backoff, increase buffer pool at least up to 20MB.

2019-01-23 15:32:50 7004 [Note] InnoDB: Using mutexes to ref count buffer pool pages
2019-01-23 15:32:50 7004 [Note] InnoDB: The InnoDB memory heap is disabled
2019-01-23 15:32:50 7004 [Note] InnoDB: Mutexes and rw_locks use Windows interlocked functions
2019-01-23 15:32:50 7004 [Note] InnoDB: _mm_lfence() and _mm_sfence() are used for memory barrier
2019-01-23 15:32:50 7004 [Note] InnoDB: Compressed tables use zlib 1.2.11
2019-01-23 15:32:50 7004 [Note] InnoDB: Using generic crc32 instructions
2019-01-23 15:32:51 7004 [Note] InnoDB: Initializing buffer pool, size = 16.0M
2019-01-23 15:32:51 7004 [Note] InnoDB: Completed initialization of buffer pool
2019-01-23 15:32:51 7004 [Note] InnoDB: Highest supported file format is Barracuda.
2019-01-23 15:32:51 7004 [Note] InnoDB: The log sequence number 1835037 in ibdata file do not match the log sequence number 1840683 in the ib_logfiles!
2019-01-23 15:32:52 7004 [Note] InnoDB: Restoring possible half-written data pages from the doublewrite buffer...
2019-01-23 15:32:53 7004 [Note] InnoDB: 128 rollback segment(s) are active.
2019-01-23 15:32:53 7004 [Note] InnoDB: Waiting for purge to start
2019-01-23 15:32:54 7004 [Note] InnoDB:  Percona XtraDB (http://www.percona.com) 5.6.41-84.1 started; log sequence number 1840683
2019-01-23 15:32:54 3324 [Note] InnoDB: Dumping buffer pool(s) not yet started
2019-01-23 15:32:54 7004 [Note] Plugin 'FEEDBACK' is disabled.
2019-01-23 15:32:54 7004 [Note] Server socket created on IP: '::'.
2019-01-23 15:32:55 7004 [Note] c:\xampp\mysql\bin\mysqld.exe: ready for connections.
Version: '10.1.37-MariaDB'  socket: ''  port: 3306  mariadb.org binary distribution
2019-01-24 18:03:29 2638 InnoDB: Warning: Using innodb_additional_mem_pool_size is DEPRECATED. This option may be removed in future releases, together with the option innodb_use_sys_malloc and with the InnoDB's internal memory allocator.
2019-01-24 18:03:29 9784 [Note] InnoDB: innodb_empty_free_list_algorithm has been changed to legacy because of small buffer pool size. In order to use backoff, increase buffer pool at least up to 20MB.

2019-01-24 18:03:30 9784 [Note] InnoDB: Using mutexes to ref count buffer pool pages
2019-01-24 18:03:30 9784 [Note] InnoDB: The InnoDB memory heap is disabled
2019-01-24 18:03:30 9784 [Note] InnoDB: Mutexes and rw_locks use Windows interlocked functions
2019-01-24 18:03:30 9784 [Note] InnoDB: _mm_lfence() and _mm_sfence() are used for memory barrier
2019-01-24 18:03:30 9784 [Note] InnoDB: Compressed tables use zlib 1.2.11
2019-01-24 18:03:30 9784 [Note] InnoDB: Using generic crc32 instructions
2019-01-24 18:03:30 9784 [Note] InnoDB: Initializing buffer pool, size = 16.0M
2019-01-24 18:03:30 9784 [Note] InnoDB: Completed initialization of buffer pool
2019-01-24 18:03:30 9784 [Note] InnoDB: Highest supported file format is Barracuda.
2019-01-24 18:03:30 9784 [Note] InnoDB: The log sequence number 1835037 in ibdata file do not match the log sequence number 1840693 in the ib_logfiles!
2019-01-24 18:03:30 9784 [Note] InnoDB: Restoring possible half-written data pages from the doublewrite buffer...
2019-01-24 18:03:31 9784 [Note] InnoDB: 128 rollback segment(s) are active.
2019-01-24 18:03:31 9784 [Note] InnoDB: Waiting for purge to start
2019-01-24 18:03:31 9784 [Note] InnoDB:  Percona XtraDB (http://www.percona.com) 5.6.41-84.1 started; log sequence number 1840693
2019-01-24 18:03:32 3908 [Note] InnoDB: Dumping buffer pool(s) not yet started
2019-01-24 18:03:32 9784 [Note] Plugin 'FEEDBACK' is disabled.
2019-01-24 18:03:32 9784 [Note] Server socket created on IP: '::'.
2019-01-24 18:03:33 9784 [Note] c:\xampp\mysql\bin\mysqld.exe: ready for connections.
Version: '10.1.37-MariaDB'  socket: ''  port: 3306  mariadb.org binary distribution
2019-01-24 19:24:49 5356 [ERROR] Incorrect definition of table mysql.column_stats: expected column 'min_value' at position 3 to have type varbinary(255), found type varchar(255).
2019-01-24 19:24:49 5356 [ERROR] Incorrect definition of table mysql.column_stats: expected column 'max_value' at position 4 to have type varbinary(255), found type varchar(255).
2019-01-24 19:25:02 5356 [ERROR] Incorrect definition of table mysql.column_stats: expected column 'min_value' at position 3 to have type varbinary(255), found type varchar(255).
2019-01-24 19:25:02 5356 [ERROR] Incorrect definition of table mysql.column_stats: expected column 'max_value' at position 4 to have type varbinary(255), found type varchar(255).
2019-01-24 19:30:50 5356 [ERROR] Incorrect definition of table mysql.column_stats: expected column 'min_value' at position 3 to have type varbinary(255), found type varchar(255).
2019-01-24 19:30:50 5356 [ERROR] Incorrect definition of table mysql.column_stats: expected column 'max_value' at position 4 to have type varbinary(255), found type varchar(255).
2019-01-25 10:12:05 2030 InnoDB: Warning: Using innodb_additional_mem_pool_size is DEPRECATED. This option may be removed in future releases, together with the option innodb_use_sys_malloc and with the InnoDB's internal memory allocator.
2019-01-25 10:12:05 8240 [Note] InnoDB: innodb_empty_free_list_algorithm has been changed to legacy because of small buffer pool size. In order to use backoff, increase buffer pool at least up to 20MB.

2019-01-25 10:12:05 8240 [Note] InnoDB: Using mutexes to ref count buffer pool pages
2019-01-25 10:12:05 8240 [Note] InnoDB: The InnoDB memory heap is disabled
2019-01-25 10:12:05 8240 [Note] InnoDB: Mutexes and rw_locks use Windows interlocked functions
2019-01-25 10:12:05 8240 [Note] InnoDB: _mm_lfence() and _mm_sfence() are used for memory barrier
2019-01-25 10:12:05 8240 [Note] InnoDB: Compressed tables use zlib 1.2.11
2019-01-25 10:12:05 8240 [Note] InnoDB: Using generic crc32 instructions
2019-01-25 10:12:05 8240 [Note] InnoDB: Initializing buffer pool, size = 16.0M
2019-01-25 10:12:05 8240 [Note] InnoDB: Completed initialization of buffer pool
2019-01-25 10:12:06 8240 [Note] InnoDB: Highest supported file format is Barracuda.
2019-01-25 10:12:06 8240 [Note] InnoDB: The log sequence number 1835037 in ibdata file do not match the log sequence number 1869594 in the ib_logfiles!
2019-01-25 10:12:07 8240 [Note] InnoDB: Restoring possible half-written data pages from the doublewrite buffer...
2019-01-25 10:12:08 8240 [Note] InnoDB: 128 rollback segment(s) are active.
2019-01-25 10:12:08 8240 [Note] InnoDB: Waiting for purge to start
2019-01-25 10:12:08 8240 [Note] InnoDB:  Percona XtraDB (http://www.percona.com) 5.6.41-84.1 started; log sequence number 1869594
2019-01-25 10:12:08 8604 [Note] InnoDB: Dumping buffer pool(s) not yet started
2019-01-25 10:12:09 8240 [Note] Plugin 'FEEDBACK' is disabled.
2019-01-25 10:12:09 8240 [Note] Server socket created on IP: '::'.
2019-01-25 10:12:10 8240 [Note] c:\xampp\mysql\bin\mysqld.exe: ready for connections.
Version: '10.1.37-MariaDB'  socket: ''  port: 3306  mariadb.org binary distribution
